<html>
<head>
<title>TestNG:  Test</title>
<link href="../testng.css" rel="stylesheet" type="text/css" />
<link href="../my-testng.css" rel="stylesheet" type="text/css" />

<style type="text/css">
.log { display: none;} 
.stack-trace { display: none;} 
</style>
<script type="text/javascript">
<!--
function flip(e) {
  current = e.style.display;
  if (current == 'block') {
    e.style.display = 'none';
    return 0;
  }
  else {
    e.style.display = 'block';
    return 1;
  }
}

function toggleBox(szDivId, elem, msg1, msg2)
{
  var res = -1;  if (document.getElementById) {
    res = flip(document.getElementById(szDivId));
  }
  else if (document.all) {
    // this is the way old msie versions work
    res = flip(document.all[szDivId]);
  }
  if(elem) {
    if(res == 0) elem.innerHTML = msg1; else elem.innerHTML = msg2;
  }

}

function toggleAllBoxes() {
  if (document.getElementsByTagName) {
    d = document.getElementsByTagName('div');
    for (i = 0; i < d.length; i++) {
      if (d[i].className == 'log') {
        flip(d[i]);
      }
    }
  }
}

// -->
</script>

</head>
<body>
<h2 align='center'>Test</h2><table border='1' align="center">
<tr>
<td>Tests passed/Failed/Skipped:</td><td>15/1/0</td>
</tr><tr>
<td>Started on:</td><td>Mon Jan 20 18:30:31 IST 2025</td>
</tr>
<tr><td>Total time:</td><td>108 seconds (108812 ms)</td>
</tr><tr>
<td>Included groups:</td><td></td>
</tr><tr>
<td>Excluded groups:</td><td></td>
</tr>
</table><p/>
<small><i>(Hover the method name to see the test class name)</i></small><p/>
<table width='100%' border='1' class='invocation-failed'>
<tr><td colspan='4' align='center'><b>FAILED TESTS</b></td></tr>
<tr><td><b>Test method</b></td>
<td width="30%"><b>Exception</b></td>
<td width="10%"><b>Time (seconds)</b></td>
<td><b>Instance</b></td>
</tr>
<tr>
<td title='MiniProject1.CartTest.testClearCart()'><b>testClearCart</b><br>Test class: MiniProject1.CartTest</td>
<td><div><pre>java.lang.IndexOutOfBoundsException: Index 0 out of bounds for length 0
	at java.base/jdk.internal.util.Preconditions.outOfBounds(Preconditions.java:100)
	at java.base/jdk.internal.util.Preconditions.outOfBoundsCheckIndex(Preconditions.java:106)
	at java.base/jdk.internal.util.Preconditions.checkIndex(Preconditions.java:302)
	at java.base/java.util.Objects.checkIndex(Objects.java:365)
	at java.base/java.util.ArrayList.get(ArrayList.java:428)
	at org.openqa.selenium.support.pagefactory.internal.LocatingElementListHandler.invoke(LocatingElementListHandler.java:39)
	at jdk.proxy2/jdk.proxy2.$Proxy14.get(Unknown Source)
	at MiniProject1.CartPage.clearCart(CartPage.java:65)
	at MiniProject1.CartTest.testClearCart(CartTest.java:79)
	at java.base/java.util.ArrayList.forEach(ArrayList.java:1597)
... Removed 27 stack frames</pre></div><a href='#' onClick='toggleBox("stack-trace1173837542", this, "Click to show all stack frames", "Click to hide stack frames")'>Click to show all stack frames</a>
<div class='stack-trace' id='stack-trace1173837542'><pre>java.lang.IndexOutOfBoundsException: Index 0 out of bounds for length 0
	at java.base/jdk.internal.util.Preconditions.outOfBounds(Preconditions.java:100)
	at java.base/jdk.internal.util.Preconditions.outOfBoundsCheckIndex(Preconditions.java:106)
	at java.base/jdk.internal.util.Preconditions.checkIndex(Preconditions.java:302)
	at java.base/java.util.Objects.checkIndex(Objects.java:365)
	at java.base/java.util.ArrayList.get(ArrayList.java:428)
	at java.base/jdk.internal.reflect.DirectMethodHandleAccessor.invoke(DirectMethodHandleAccessor.java:103)
	at java.base/java.lang.reflect.Method.invoke(Method.java:580)
	at org.openqa.selenium.support.pagefactory.internal.LocatingElementListHandler.invoke(LocatingElementListHandler.java:39)
	at jdk.proxy2/jdk.proxy2.$Proxy14.get(Unknown Source)
	at MiniProject1.CartPage.clearCart(CartPage.java:65)
	at MiniProject1.CartTest.testClearCart(CartTest.java:79)
	at java.base/jdk.internal.reflect.DirectMethodHandleAccessor.invoke(DirectMethodHandleAccessor.java:103)
	at java.base/java.lang.reflect.Method.invoke(Method.java:580)
	at org.testng.internal.MethodInvocationHelper.invokeMethod(MethodInvocationHelper.java:133)
	at org.testng.internal.TestInvoker.invokeMethod(TestInvoker.java:598)
	at org.testng.internal.TestInvoker.invokeTestMethod(TestInvoker.java:173)
	at org.testng.internal.MethodRunner.runInSequence(MethodRunner.java:46)
	at org.testng.internal.TestInvoker$MethodInvocationAgent.invoke(TestInvoker.java:824)
	at org.testng.internal.TestInvoker.invokeTestMethods(TestInvoker.java:146)
	at org.testng.internal.TestMethodWorker.invokeTestMethods(TestMethodWorker.java:146)
	at org.testng.internal.TestMethodWorker.run(TestMethodWorker.java:128)
	at java.base/java.util.ArrayList.forEach(ArrayList.java:1597)
	at org.testng.TestRunner.privateRun(TestRunner.java:794)
	at org.testng.TestRunner.run(TestRunner.java:596)
	at org.testng.SuiteRunner.runTest(SuiteRunner.java:377)
	at org.testng.SuiteRunner.runSequentially(SuiteRunner.java:371)
	at org.testng.SuiteRunner.privateRun(SuiteRunner.java:332)
	at org.testng.SuiteRunner.run(SuiteRunner.java:276)
	at org.testng.SuiteRunnerWorker.runSuite(SuiteRunnerWorker.java:53)
	at org.testng.SuiteRunnerWorker.run(SuiteRunnerWorker.java:96)
	at org.testng.TestNG.runSuitesSequentially(TestNG.java:1212)
	at org.testng.TestNG.runSuitesLocally(TestNG.java:1134)
	at org.testng.TestNG.runSuites(TestNG.java:1063)
	at org.testng.TestNG.run(TestNG.java:1031)
	at org.testng.remote.AbstractRemoteTestNG.run(AbstractRemoteTestNG.java:115)
	at org.testng.remote.RemoteTestNG.initAndRun(RemoteTestNG.java:293)
	at org.testng.remote.RemoteTestNG.main(RemoteTestNG.java:91)
</pre></div></td>
<td>9</td>
<td>MiniProject1.CartTest@5e0e82ae</td></tr>
</table><p>
<table width='100%' border='1' class='invocation-passed'>
<tr><td colspan='4' align='center'><b>PASSED TESTS</b></td></tr>
<tr><td><b>Test method</b></td>
<td width="30%"><b>Exception</b></td>
<td width="10%"><b>Time (seconds)</b></td>
<td><b>Instance</b></td>
</tr>
<tr>
<td title='MiniProject1.ProductCategoriesTest.testProductCategoriesAndDisplay()'><b>testProductCategoriesAndDisplay</b><br>Test class: MiniProject1.ProductCategoriesTest</td>
<td></td>
<td>0</td>
<td>MiniProject1.ProductCategoriesTest@2d3379b4</td></tr>
<tr>
<td title='MiniProject1.SignUpTest.testSignUpButtonVisibility()'><b>testSignUpButtonVisibility</b><br>Test class: MiniProject1.SignUpTest</td>
<td></td>
<td>0</td>
<td>MiniProject1.SignUpTest@3590fc5b</td></tr>
<tr>
<td title='MiniProject1.LoginTest.testLoginButtonClickability()'><b>testLoginButtonClickability</b><br>Test class: MiniProject1.LoginTest</td>
<td></td>
<td>0</td>
<td>MiniProject1.LoginTest@618b19ad</td></tr>
<tr>
<td title='MiniProject1.ProductDetailsTest.testAddingProductToCart()'><b>testAddingProductToCart</b><br>Test class: MiniProject1.ProductDetailsTest</td>
<td></td>
<td>6</td>
<td>MiniProject1.ProductDetailsTest@30c15d8b</td></tr>
<tr>
<td title='MiniProject1.CartTest.testTotalPriceCalculationAfterModification()'><b>testTotalPriceCalculationAfterModification</b><br>Test class: MiniProject1.CartTest</td>
<td></td>
<td>15</td>
<td>MiniProject1.CartTest@5e0e82ae</td></tr>
<tr>
<td title='MiniProject1.CartTest.testDeleteProductFromCart()'><b>testDeleteProductFromCart</b><br>Test class: MiniProject1.CartTest</td>
<td></td>
<td>14</td>
<td>MiniProject1.CartTest@5e0e82ae</td></tr>
<tr>
<td title='MiniProject1.SignUpTest.testSignUpButtonClickability()'><b>testSignUpButtonClickability</b><br>Test class: MiniProject1.SignUpTest</td>
<td></td>
<td>0</td>
<td>MiniProject1.SignUpTest@3590fc5b</td></tr>
<tr>
<td title='MiniProject1.PurchaseTest.testRedirectionToPlaceOrderWindow()'><b>testRedirectionToPlaceOrderWindow</b><br>Test class: MiniProject1.PurchaseTest</td>
<td></td>
<td>13</td>
<td>MiniProject1.PurchaseTest@6771beb3</td></tr>
<tr>
<td title='MiniProject1.ProductDetailsTest.testRedirectionToProductDetailsPage()'><b>testRedirectionToProductDetailsPage</b><br>Test class: MiniProject1.ProductDetailsTest</td>
<td></td>
<td>5</td>
<td>MiniProject1.ProductDetailsTest@30c15d8b</td></tr>
<tr>
<td title='MiniProject1.LogoutTest.testLogoutRedirectionToHomePage()'><b>testLogoutRedirectionToHomePage</b><br>Test class: MiniProject1.LogoutTest</td>
<td></td>
<td>4</td>
<td>MiniProject1.LogoutTest@36fc695d</td></tr>
<tr>
<td title='MiniProject1.LoginTest.testLoginFunctionality()'><b>testLoginFunctionality</b><br>Test class: MiniProject1.LoginTest</td>
<td></td>
<td>3</td>
<td>MiniProject1.LoginTest@618b19ad</td></tr>
<tr>
<td title='MiniProject1.LoginTest.testLoginButtonVisibility()'><b>testLoginButtonVisibility</b><br>Test class: MiniProject1.LoginTest</td>
<td></td>
<td>0</td>
<td>MiniProject1.LoginTest@618b19ad</td></tr>
<tr>
<td title='MiniProject1.LogoutTest.testLogoutButtonVisibility()'><b>testLogoutButtonVisibility</b><br>Test class: MiniProject1.LogoutTest</td>
<td></td>
<td>4</td>
<td>MiniProject1.LogoutTest@36fc695d</td></tr>
<tr>
<td title='MiniProject1.SignUpTest.testSignUpButtonClick()'><b>testSignUpButtonClick</b><br>Test class: MiniProject1.SignUpTest</td>
<td></td>
<td>0</td>
<td>MiniProject1.SignUpTest@3590fc5b</td></tr>
<tr>
<td title='MiniProject1.ProductDetailsTest.testProductDetailsAccuracy()'><b>testProductDetailsAccuracy</b><br>Test class: MiniProject1.ProductDetailsTest</td>
<td></td>
<td>0</td>
<td>MiniProject1.ProductDetailsTest@30c15d8b</td></tr>
</table><p>
</body>
</html>