<?xml version="1.0" encoding="UTF-8"?>
<!-- Generated by org.testng.reporters.JUnitXMLReporter -->
<testsuite ignored="0" hostname="LAPTOP-5UKTR1EH" failures="1" tests="16" name="Test" time="108.812" errors="0" timestamp="2025-01-20T18:32:19 IST">
  <testcase classname="MiniProject1.SignUpTest" name="testSignUpButtonVisibility" time="0.1"/>
  <testcase classname="MiniProject1.SignUpTest" name="testSignUpButtonClickability" time="0.04"/>
  <testcase classname="MiniProject1.SignUpTest" name="testSignUpButtonClick" time="0.864"/>
  <testcase classname="MiniProject1.LoginTest" name="testLoginButtonVisibility" time="0.062"/>
  <testcase classname="MiniProject1.LoginTest" name="testLoginButtonClickability" time="0.306"/>
  <testcase classname="MiniProject1.LoginTest" name="testLoginFunctionality" time="3.825"/>
  <testcase classname="MiniProject1.ProductCategoriesTest" name="testProductCategoriesAndDisplay" time="0.792"/>
  <testcase classname="MiniProject1.ProductDetailsTest" name="testRedirectionToProductDetailsPage" time="5.521"/>
  <testcase classname="MiniProject1.ProductDetailsTest" name="testProductDetailsAccuracy" time="0.373"/>
  <testcase classname="MiniProject1.ProductDetailsTest" name="testAddingProductToCart" time="6.74"/>
  <testcase classname="MiniProject1.CartTest" name="testTotalPriceCalculationAfterModification" time="15.947"/>
  <testcase classname="MiniProject1.CartTest" name="testDeleteProductFromCart" time="14.863"/>
  <testcase classname="MiniProject1.CartTest" name="testClearCart" time="9.492">
    <failure type="java.lang.IndexOutOfBoundsException" message="Index 0 out of bounds for length 0">
      <![CDATA[java.lang.IndexOutOfBoundsException: Index 0 out of bounds for length 0
at java.base/jdk.internal.util.Preconditions.outOfBounds(Preconditions.java:100)
at java.base/jdk.internal.util.Preconditions.outOfBoundsCheckIndex(Preconditions.java:106)
at java.base/jdk.internal.util.Preconditions.checkIndex(Preconditions.java:302)
at java.base/java.util.Objects.checkIndex(Objects.java:365)
at java.base/java.util.ArrayList.get(ArrayList.java:428)
at org.openqa.selenium.support.pagefactory.internal.LocatingElementListHandler.invoke(LocatingElementListHandler.java:39)
at jdk.proxy2/jdk.proxy2.$Proxy14.get(Unknown Source)
at MiniProject1.CartPage.clearCart(CartPage.java:65)
at MiniProject1.CartTest.testClearCart(CartTest.java:79)
at java.base/java.util.ArrayList.forEach(ArrayList.java:1597)
... Removed 27 stack frames]]>
    </failure>
  </testcase> <!-- testClearCart -->
  <testcase classname="MiniProject1.PurchaseTest" name="testRedirectionToPlaceOrderWindow" time="13.949"/>
  <testcase classname="MiniProject1.LogoutTest" name="testLogoutButtonVisibility" time="4.185"/>
  <testcase classname="MiniProject1.LogoutTest" name="testLogoutRedirectionToHomePage" time="4.907"/>
</testsuite> <!-- Test -->
